0 verbose cli /home/ubuntu/.nvm/versions/node/v22.13.0/bin/node /home/ubuntu/.nvm/versions/node/v22.13.0/bin/npm
1 info using npm@10.9.2
2 info using node@v22.13.0
3 silly config load:file:/home/ubuntu/.nvm/versions/node/v22.13.0/lib/node_modules/npm/npmrc
4 silly config load:file:/home/ubuntu/multiclinic-app/.npmrc
5 silly config load:file:/home/ubuntu/.npmrc
6 silly config load:file:/home/ubuntu/.nvm/versions/node/v22.13.0/etc/npmrc
7 verbose title npm install typescript @types/react @types/node
8 verbose argv "install" "--save-dev" "typescript" "@types/react" "@types/node"
9 verbose logfile logs-max:10 dir:/home/ubuntu/.npm/_logs/2025-06-07T07_44_29_638Z-
10 verbose logfile /home/ubuntu/.npm/_logs/2025-06-07T07_44_29_638Z-debug-0.log
11 silly logfile done cleaning log files
12 silly packumentCache heap:2117074944 maxSize:529268736 maxEntrySize:264634368
13 silly idealTree buildDeps
14 silly fetch manifest @hookform/resolvers@^5.0.1
15 silly packumentCache full:https://registry.npmjs.org/@hookform%2fresolvers cache-miss
16 http fetch GET 200 https://registry.npmjs.org/@hookform%2fresolvers 126ms (cache miss)
17 silly packumentCache full:https://registry.npmjs.org/@hookform%2fresolvers set size:undefined disposed:false
18 silly fetch manifest react-hook-form@^7.56.3
19 silly packumentCache full:https://registry.npmjs.org/react-hook-form cache-miss
20 http fetch GET 200 https://registry.npmjs.org/react-hook-form 81ms (cache miss)
21 silly packumentCache full:https://registry.npmjs.org/react-hook-form set size:undefined disposed:false
22 silly fetch manifest react@^19.1.0
23 silly packumentCache full:https://registry.npmjs.org/react cache-miss
24 http fetch GET 200 https://registry.npmjs.org/react 112ms (cache miss)
25 silly packumentCache full:https://registry.npmjs.org/react set size:undefined disposed:false
26 silly fetch manifest @radix-ui/react-accordion@^1.2.10
27 silly packumentCache full:https://registry.npmjs.org/@radix-ui%2freact-accordion cache-miss
28 http fetch GET 200 https://registry.npmjs.org/@radix-ui%2freact-accordion 54ms (cache miss)
29 silly packumentCache full:https://registry.npmjs.org/@radix-ui%2freact-accordion set size:undefined disposed:false
30 silly fetch manifest @types/react@^19.1.2
31 silly packumentCache full:https://registry.npmjs.org/@types%2freact cache-miss
32 http fetch GET 200 https://registry.npmjs.org/@types%2freact 54ms (cache miss)
33 silly packumentCache full:https://registry.npmjs.org/@types%2freact set size:undefined disposed:false
34 silly fetch manifest @types/react-dom@^19.1.2
35 silly packumentCache full:https://registry.npmjs.org/@types%2freact-dom cache-miss
36 http fetch GET 200 https://registry.npmjs.org/@types%2freact-dom 55ms (cache miss)
37 silly packumentCache full:https://registry.npmjs.org/@types%2freact-dom set size:undefined disposed:false
38 silly fetch manifest react-dom@^19.1.0
39 silly packumentCache full:https://registry.npmjs.org/react-dom cache-miss
40 http fetch GET 200 https://registry.npmjs.org/react-dom 117ms (cache miss)
41 silly packumentCache full:https://registry.npmjs.org/react-dom set size:undefined disposed:false
42 silly fetch manifest @radix-ui/react-alert-dialog@^1.1.13
43 silly packumentCache full:https://registry.npmjs.org/@radix-ui%2freact-alert-dialog cache-miss
44 http fetch GET 200 https://registry.npmjs.org/@radix-ui%2freact-alert-dialog 538ms (cache miss)
45 silly packumentCache full:https://registry.npmjs.org/@radix-ui%2freact-alert-dialog set size:undefined disposed:false
46 silly fetch manifest @radix-ui/react-aspect-ratio@^1.1.6
47 silly packumentCache full:https://registry.npmjs.org/@radix-ui%2freact-aspect-ratio cache-miss
48 http fetch GET 200 https://registry.npmjs.org/@radix-ui%2freact-aspect-ratio 47ms (cache miss)
49 silly packumentCache full:https://registry.npmjs.org/@radix-ui%2freact-aspect-ratio set size:undefined disposed:false
50 silly fetch manifest @radix-ui/react-avatar@^1.1.9
51 silly packumentCache full:https://registry.npmjs.org/@radix-ui%2freact-avatar cache-miss
52 http fetch GET 200 https://registry.npmjs.org/@radix-ui%2freact-avatar 45ms (cache miss)
53 silly packumentCache full:https://registry.npmjs.org/@radix-ui%2freact-avatar set size:undefined disposed:false
54 silly fetch manifest @radix-ui/react-checkbox@^1.3.1
55 silly packumentCache full:https://registry.npmjs.org/@radix-ui%2freact-checkbox cache-miss
56 http fetch GET 200 https://registry.npmjs.org/@radix-ui%2freact-checkbox 47ms (cache miss)
57 silly packumentCache full:https://registry.npmjs.org/@radix-ui%2freact-checkbox set size:undefined disposed:false
58 silly fetch manifest @radix-ui/react-collapsible@^1.1.10
59 silly packumentCache full:https://registry.npmjs.org/@radix-ui%2freact-collapsible cache-miss
60 http fetch GET 200 https://registry.npmjs.org/@radix-ui%2freact-collapsible 50ms (cache miss)
61 silly packumentCache full:https://registry.npmjs.org/@radix-ui%2freact-collapsible set size:undefined disposed:false
62 silly fetch manifest @radix-ui/react-context-menu@^2.2.14
63 silly packumentCache full:https://registry.npmjs.org/@radix-ui%2freact-context-menu cache-miss
64 http fetch GET 200 https://registry.npmjs.org/@radix-ui%2freact-context-menu 54ms (cache miss)
65 silly packumentCache full:https://registry.npmjs.org/@radix-ui%2freact-context-menu set size:undefined disposed:false
66 silly fetch manifest @radix-ui/react-dialog@^1.1.13
67 silly packumentCache full:https://registry.npmjs.org/@radix-ui%2freact-dialog cache-miss
68 http fetch GET 200 https://registry.npmjs.org/@radix-ui%2freact-dialog 51ms (cache miss)
69 silly packumentCache full:https://registry.npmjs.org/@radix-ui%2freact-dialog set size:undefined disposed:false
70 silly fetch manifest @radix-ui/react-dropdown-menu@^2.1.14
71 silly packumentCache full:https://registry.npmjs.org/@radix-ui%2freact-dropdown-menu cache-miss
72 http fetch GET 200 https://registry.npmjs.org/@radix-ui%2freact-dropdown-menu 51ms (cache miss)
73 silly packumentCache full:https://registry.npmjs.org/@radix-ui%2freact-dropdown-menu set size:undefined disposed:false
74 silly fetch manifest @radix-ui/react-hover-card@^1.1.13
75 silly packumentCache full:https://registry.npmjs.org/@radix-ui%2freact-hover-card cache-miss
76 http fetch GET 200 https://registry.npmjs.org/@radix-ui%2freact-hover-card 54ms (cache miss)
77 silly packumentCache full:https://registry.npmjs.org/@radix-ui%2freact-hover-card set size:undefined disposed:false
78 silly fetch manifest @radix-ui/react-label@^2.1.6
79 silly packumentCache full:https://registry.npmjs.org/@radix-ui%2freact-label cache-miss
80 http fetch GET 200 https://registry.npmjs.org/@radix-ui%2freact-label 48ms (cache miss)
81 silly packumentCache full:https://registry.npmjs.org/@radix-ui%2freact-label set size:undefined disposed:false
82 silly fetch manifest @radix-ui/react-menubar@^1.1.14
83 silly packumentCache full:https://registry.npmjs.org/@radix-ui%2freact-menubar cache-miss
84 http fetch GET 200 https://registry.npmjs.org/@radix-ui%2freact-menubar 48ms (cache miss)
85 silly packumentCache full:https://registry.npmjs.org/@radix-ui%2freact-menubar set size:undefined disposed:false
86 silly fetch manifest @radix-ui/react-navigation-menu@^1.2.12
87 silly packumentCache full:https://registry.npmjs.org/@radix-ui%2freact-navigation-menu cache-miss
88 http fetch GET 200 https://registry.npmjs.org/@radix-ui%2freact-navigation-menu 51ms (cache miss)
89 silly packumentCache full:https://registry.npmjs.org/@radix-ui%2freact-navigation-menu set size:undefined disposed:false
90 silly fetch manifest @radix-ui/react-popover@^1.1.13
91 silly packumentCache full:https://registry.npmjs.org/@radix-ui%2freact-popover cache-miss
92 http fetch GET 200 https://registry.npmjs.org/@radix-ui%2freact-popover 50ms (cache miss)
93 silly packumentCache full:https://registry.npmjs.org/@radix-ui%2freact-popover set size:undefined disposed:false
94 silly fetch manifest @radix-ui/react-progress@^1.1.6
95 silly packumentCache full:https://registry.npmjs.org/@radix-ui%2freact-progress cache-miss
96 http fetch GET 200 https://registry.npmjs.org/@radix-ui%2freact-progress 50ms (cache miss)
97 silly packumentCache full:https://registry.npmjs.org/@radix-ui%2freact-progress set size:undefined disposed:false
98 silly fetch manifest @radix-ui/react-radio-group@^1.3.6
99 silly packumentCache full:https://registry.npmjs.org/@radix-ui%2freact-radio-group cache-miss
100 http fetch GET 200 https://registry.npmjs.org/@radix-ui%2freact-radio-group 52ms (cache miss)
101 silly packumentCache full:https://registry.npmjs.org/@radix-ui%2freact-radio-group set size:undefined disposed:false
102 silly fetch manifest @radix-ui/react-scroll-area@^1.2.8
103 silly packumentCache full:https://registry.npmjs.org/@radix-ui%2freact-scroll-area cache-miss
104 http fetch GET 200 https://registry.npmjs.org/@radix-ui%2freact-scroll-area 50ms (cache miss)
105 silly packumentCache full:https://registry.npmjs.org/@radix-ui%2freact-scroll-area set size:undefined disposed:false
106 silly fetch manifest @radix-ui/react-select@^2.2.4
107 silly packumentCache full:https://registry.npmjs.org/@radix-ui%2freact-select cache-miss
108 http fetch GET 200 https://registry.npmjs.org/@radix-ui%2freact-select 52ms (cache miss)
109 silly packumentCache full:https://registry.npmjs.org/@radix-ui%2freact-select set size:undefined disposed:false
110 silly fetch manifest @radix-ui/react-separator@^1.1.6
111 silly packumentCache full:https://registry.npmjs.org/@radix-ui%2freact-separator cache-miss
112 http fetch GET 200 https://registry.npmjs.org/@radix-ui%2freact-separator 45ms (cache miss)
113 silly packumentCache full:https://registry.npmjs.org/@radix-ui%2freact-separator set size:undefined disposed:false
114 silly fetch manifest @radix-ui/react-slider@^1.3.4
115 silly packumentCache full:https://registry.npmjs.org/@radix-ui%2freact-slider cache-miss
116 http fetch GET 200 https://registry.npmjs.org/@radix-ui%2freact-slider 48ms (cache miss)
117 silly packumentCache full:https://registry.npmjs.org/@radix-ui%2freact-slider set size:undefined disposed:false
118 silly fetch manifest @radix-ui/react-slot@^1.2.2
119 silly packumentCache full:https://registry.npmjs.org/@radix-ui%2freact-slot cache-miss
120 http fetch GET 200 https://registry.npmjs.org/@radix-ui%2freact-slot 50ms (cache miss)
121 silly packumentCache full:https://registry.npmjs.org/@radix-ui%2freact-slot set size:undefined disposed:false
122 silly fetch manifest @radix-ui/react-switch@^1.2.4
123 silly packumentCache full:https://registry.npmjs.org/@radix-ui%2freact-switch cache-miss
124 http fetch GET 200 https://registry.npmjs.org/@radix-ui%2freact-switch 48ms (cache miss)
125 silly packumentCache full:https://registry.npmjs.org/@radix-ui%2freact-switch set size:undefined disposed:false
126 silly fetch manifest @radix-ui/react-tabs@^1.1.11
127 silly packumentCache full:https://registry.npmjs.org/@radix-ui%2freact-tabs cache-miss
128 http fetch GET 200 https://registry.npmjs.org/@radix-ui%2freact-tabs 45ms (cache miss)
129 silly packumentCache full:https://registry.npmjs.org/@radix-ui%2freact-tabs set size:undefined disposed:false
130 silly fetch manifest @radix-ui/react-toggle@^1.1.8
131 silly packumentCache full:https://registry.npmjs.org/@radix-ui%2freact-toggle cache-miss
132 http fetch GET 200 https://registry.npmjs.org/@radix-ui%2freact-toggle 58ms (cache miss)
133 silly packumentCache full:https://registry.npmjs.org/@radix-ui%2freact-toggle set size:undefined disposed:false
134 silly fetch manifest @radix-ui/react-toggle-group@^1.1.9
135 silly packumentCache full:https://registry.npmjs.org/@radix-ui%2freact-toggle-group cache-miss
136 http fetch GET 200 https://registry.npmjs.org/@radix-ui%2freact-toggle-group 49ms (cache miss)
137 silly packumentCache full:https://registry.npmjs.org/@radix-ui%2freact-toggle-group set size:undefined disposed:false
138 silly fetch manifest @radix-ui/react-tooltip@^1.2.6
139 silly packumentCache full:https://registry.npmjs.org/@radix-ui%2freact-tooltip cache-miss
140 http fetch GET 200 https://registry.npmjs.org/@radix-ui%2freact-tooltip 65ms (cache miss)
141 silly packumentCache full:https://registry.npmjs.org/@radix-ui%2freact-tooltip set size:undefined disposed:false
142 silly fetch manifest @tailwindcss/vite@^4.1.7
143 silly packumentCache full:https://registry.npmjs.org/@tailwindcss%2fvite cache-miss
144 http fetch GET 200 https://registry.npmjs.org/@tailwindcss%2fvite 46ms (cache miss)
145 silly packumentCache full:https://registry.npmjs.org/@tailwindcss%2fvite set size:undefined disposed:false
146 silly fetch manifest vite@^6.3.5
147 silly packumentCache full:https://registry.npmjs.org/vite cache-miss
148 http fetch GET 200 https://registry.npmjs.org/vite 766ms (cache miss)
149 silly packumentCache full:https://registry.npmjs.org/vite set size:undefined disposed:false
150 silly fetch manifest @types/node@*
151 silly packumentCache full:https://registry.npmjs.org/@types%2fnode cache-miss
152 http fetch GET 200 https://registry.npmjs.org/@types%2fnode 140ms (cache miss)
153 silly packumentCache full:https://registry.npmjs.org/@types%2fnode set size:undefined disposed:false
154 silly fetch manifest jiti@>=1.21.0
155 silly packumentCache full:https://registry.npmjs.org/jiti cache-miss
156 http fetch GET 200 https://registry.npmjs.org/jiti 30ms (cache miss)
157 silly packumentCache full:https://registry.npmjs.org/jiti set size:undefined disposed:false
158 silly fetch manifest less@*
159 silly packumentCache full:https://registry.npmjs.org/less cache-miss
160 http fetch GET 200 https://registry.npmjs.org/less 28ms (cache miss)
161 silly packumentCache full:https://registry.npmjs.org/less set size:undefined disposed:false
162 silly fetch manifest lightningcss@^1.21.0
163 silly packumentCache full:https://registry.npmjs.org/lightningcss cache-miss
164 http fetch GET 200 https://registry.npmjs.org/lightningcss 23ms (cache miss)
165 silly packumentCache full:https://registry.npmjs.org/lightningcss set size:undefined disposed:false
166 silly fetch manifest sass@*
167 silly packumentCache full:https://registry.npmjs.org/sass cache-miss
168 http fetch GET 200 https://registry.npmjs.org/sass 34ms (cache miss)
169 silly packumentCache full:https://registry.npmjs.org/sass set size:undefined disposed:false
170 silly fetch manifest sass-embedded@*
171 silly packumentCache full:https://registry.npmjs.org/sass-embedded cache-miss
172 http fetch GET 200 https://registry.npmjs.org/sass-embedded 28ms (cache miss)
173 silly packumentCache full:https://registry.npmjs.org/sass-embedded set size:undefined disposed:false
174 silly fetch manifest stylus@*
175 silly packumentCache full:https://registry.npmjs.org/stylus cache-miss
176 http fetch GET 200 https://registry.npmjs.org/stylus 24ms (cache miss)
177 silly packumentCache full:https://registry.npmjs.org/stylus set size:undefined disposed:false
178 silly fetch manifest sugarss@*
179 silly packumentCache full:https://registry.npmjs.org/sugarss cache-miss
180 http fetch GET 200 https://registry.npmjs.org/sugarss 26ms (cache miss)
181 silly packumentCache full:https://registry.npmjs.org/sugarss set size:undefined disposed:false
182 silly fetch manifest postcss@^8.3.3
183 silly packumentCache full:https://registry.npmjs.org/postcss cache-miss
184 http fetch GET 200 https://registry.npmjs.org/postcss 33ms (cache miss)
185 silly packumentCache full:https://registry.npmjs.org/postcss set size:undefined disposed:false
186 silly fetch manifest terser@^5.16.0
187 silly packumentCache full:https://registry.npmjs.org/terser cache-miss
188 http fetch GET 200 https://registry.npmjs.org/terser 42ms (cache miss)
189 silly packumentCache full:https://registry.npmjs.org/terser set size:undefined disposed:false
190 silly fetch manifest tsx@^4.8.1
191 silly packumentCache full:https://registry.npmjs.org/tsx cache-miss
192 http fetch GET 200 https://registry.npmjs.org/tsx 30ms (cache miss)
193 silly packumentCache full:https://registry.npmjs.org/tsx set size:undefined disposed:false
194 silly fetch manifest yaml@^2.4.2
195 silly packumentCache full:https://registry.npmjs.org/yaml cache-miss
196 http fetch GET 200 https://registry.npmjs.org/yaml 25ms (cache miss)
197 silly packumentCache full:https://registry.npmjs.org/yaml set size:undefined disposed:false
198 silly fetch manifest class-variance-authority@^0.7.1
199 silly packumentCache full:https://registry.npmjs.org/class-variance-authority cache-miss
200 http fetch GET 200 https://registry.npmjs.org/class-variance-authority 279ms (cache miss)
201 silly packumentCache full:https://registry.npmjs.org/class-variance-authority set size:undefined disposed:false
202 silly fetch manifest clsx@^2.1.1
203 silly packumentCache full:https://registry.npmjs.org/clsx cache-miss
204 http fetch GET 200 https://registry.npmjs.org/clsx 23ms (cache miss)
205 silly packumentCache full:https://registry.npmjs.org/clsx set size:undefined disposed:false
206 silly fetch manifest cmdk@^1.1.1
207 silly packumentCache full:https://registry.npmjs.org/cmdk cache-miss
208 http fetch GET 200 https://registry.npmjs.org/cmdk 370ms (cache miss)
209 silly packumentCache full:https://registry.npmjs.org/cmdk set size:undefined disposed:false
210 silly fetch manifest date-fns@^4.1.0
211 silly packumentCache full:https://registry.npmjs.org/date-fns cache-miss
212 http fetch GET 200 https://registry.npmjs.org/date-fns 169ms (cache miss)
213 silly packumentCache full:https://registry.npmjs.org/date-fns set size:undefined disposed:false
214 silly fetch manifest embla-carousel-react@^8.6.0
215 silly packumentCache full:https://registry.npmjs.org/embla-carousel-react cache-miss
216 http fetch GET 200 https://registry.npmjs.org/embla-carousel-react 34ms (cache miss)
217 silly packumentCache full:https://registry.npmjs.org/embla-carousel-react set size:undefined disposed:false
218 silly fetch manifest framer-motion@^12.15.0
219 silly packumentCache full:https://registry.npmjs.org/framer-motion cache-miss
220 http fetch GET 200 https://registry.npmjs.org/framer-motion 96ms (cache miss)
221 silly packumentCache full:https://registry.npmjs.org/framer-motion set size:undefined disposed:false
222 silly fetch manifest @emotion/is-prop-valid@*
223 silly packumentCache full:https://registry.npmjs.org/@emotion%2fis-prop-valid cache-miss
224 http fetch GET 200 https://registry.npmjs.org/@emotion%2fis-prop-valid 47ms (cache miss)
225 silly packumentCache full:https://registry.npmjs.org/@emotion%2fis-prop-valid set size:undefined disposed:false
226 silly fetch manifest input-otp@^1.4.2
227 silly packumentCache full:https://registry.npmjs.org/input-otp cache-miss
228 http fetch GET 200 https://registry.npmjs.org/input-otp 25ms (cache miss)
229 silly packumentCache full:https://registry.npmjs.org/input-otp set size:undefined disposed:false
230 silly fetch manifest lucide-react@^0.510.0
231 silly packumentCache full:https://registry.npmjs.org/lucide-react cache-miss
232 http fetch GET 200 https://registry.npmjs.org/lucide-react 51ms (cache miss)
233 silly packumentCache full:https://registry.npmjs.org/lucide-react set size:undefined disposed:false
234 silly fetch manifest next-themes@^0.4.6
235 silly packumentCache full:https://registry.npmjs.org/next-themes cache-miss
236 http fetch GET 200 https://registry.npmjs.org/next-themes 25ms (cache miss)
237 silly packumentCache full:https://registry.npmjs.org/next-themes set size:undefined disposed:false
238 silly fetch manifest react-day-picker@8.10.1
239 silly packumentCache full:https://registry.npmjs.org/react-day-picker cache-miss
240 http fetch GET 200 https://registry.npmjs.org/react-day-picker 33ms (cache miss)
241 silly packumentCache full:https://registry.npmjs.org/react-day-picker set size:undefined disposed:false
242 silly fetch manifest date-fns@^2.28.0 || ^3.0.0
243 silly packumentCache full:https://registry.npmjs.org/date-fns cache-miss
244 http cache https://registry.npmjs.org/date-fns 13ms (cache hit)
245 silly packumentCache full:https://registry.npmjs.org/date-fns set size:3443758 disposed:false
246 verbose stack Error: unable to resolve dependency tree
246 verbose stack     at #failPeerConflict (/home/ubuntu/.nvm/versions/node/v22.13.0/lib/node_modules/npm/node_modules/@npmcli/arborist/lib/arborist/build-ideal-tree.js:1363:25)
246 verbose stack     at #loadPeerSet (/home/ubuntu/.nvm/versions/node/v22.13.0/lib/node_modules/npm/node_modules/@npmcli/arborist/lib/arborist/build-ideal-tree.js:1329:33)
246 verbose stack     at async #buildDepStep (/home/ubuntu/.nvm/versions/node/v22.13.0/lib/node_modules/npm/node_modules/@npmcli/arborist/lib/arborist/build-ideal-tree.js:904:11)
246 verbose stack     at async Arborist.buildIdealTree (/home/ubuntu/.nvm/versions/node/v22.13.0/lib/node_modules/npm/node_modules/@npmcli/arborist/lib/arborist/build-ideal-tree.js:181:7)
246 verbose stack     at async Promise.all (index 1)
246 verbose stack     at async Arborist.reify (/home/ubuntu/.nvm/versions/node/v22.13.0/lib/node_modules/npm/node_modules/@npmcli/arborist/lib/arborist/reify.js:131:5)
246 verbose stack     at async Install.exec (/home/ubuntu/.nvm/versions/node/v22.13.0/lib/node_modules/npm/lib/commands/install.js:150:5)
246 verbose stack     at async Npm.exec (/home/ubuntu/.nvm/versions/node/v22.13.0/lib/node_modules/npm/lib/npm.js:207:9)
246 verbose stack     at async module.exports (/home/ubuntu/.nvm/versions/node/v22.13.0/lib/node_modules/npm/lib/cli/entry.js:74:5)
247 error code ERESOLVE
248 error ERESOLVE unable to resolve dependency tree
249 error
250 error While resolving: multiclinic-app@0.0.0
250 error Found: date-fns@4.1.0[2m[22m
250 error [2mnode_modules/date-fns[22m
250 error   date-fns@"^4.1.0" from the root project
250 error
250 error Could not resolve dependency:
250 error [95mpeer[39m date-fns@"^2.28.0 || ^3.0.0" from react-day-picker@8.10.1[2m[22m
250 error [2mnode_modules/react-day-picker[22m
250 error   react-day-picker@"8.10.1" from the root project
250 error
250 error Fix the upstream dependency conflict, or retry
250 error this command with --force or --legacy-peer-deps
250 error to accept an incorrect (and potentially broken) dependency resolution.
251 error
251 error
251 error For a full report see:
251 error /home/ubuntu/.npm/_logs/2025-06-07T07_44_29_638Z-eresolve-report.txt
252 silly unfinished npm timer reify 1749282269910
253 silly unfinished npm timer reify:loadTrees 1749282269910
254 silly unfinished npm timer idealTree:buildDeps 1749282269926
255 silly unfinished npm timer idealTree:#root 1749282269926
256 verbose cwd /home/ubuntu/multiclinic-app
257 verbose os Linux 6.1.102
258 verbose node v22.13.0
259 verbose npm  v10.9.2
260 verbose exit 1
261 verbose code 1
262 error A complete log of this run can be found in: /home/ubuntu/.npm/_logs/2025-06-07T07_44_29_638Z-debug-0.log
