0 verbose cli /home/ubuntu/.nvm/versions/node/v22.13.0/bin/node /home/ubuntu/.nvm/versions/node/v22.13.0/bin/npm
1 info using npm@10.9.2
2 info using node@v22.13.0
3 silly config load:file:/home/ubuntu/.nvm/versions/node/v22.13.0/lib/node_modules/npm/npmrc
4 silly config load:file:/home/ubuntu/.cache/typescript/5.8/.npmrc
5 silly config load:file:/home/ubuntu/.npmrc
6 silly config load:file:/home/ubuntu/.nvm/versions/node/v22.13.0/etc/npmrc
7 verbose title npm install types-registry@latest
8 verbose argv "install" "--ignore-scripts" "types-registry@latest"
9 verbose logfile logs-max:10 dir:/home/ubuntu/.npm/_logs/2025-06-07T08_29_02_886Z-
10 verbose logfile /home/ubuntu/.npm/_logs/2025-06-07T08_29_02_886Z-debug-0.log
11 silly logfile start cleaning logs, removing 1 files
12 silly logfile done cleaning log files
13 silly packumentCache heap:2117074944 maxSize:529268736 maxEntrySize:264634368
14 silly packumentCache corgi:https://registry.npmjs.org/types-registry cache-miss
15 http fetch GET 200 https://registry.npmjs.org/types-registry 132ms (cache miss)
16 silly packumentCache corgi:https://registry.npmjs.org/types-registry set size:undefined disposed:false
17 silly idealTree buildDeps
18 silly fetch manifest types-registry@0.1.723
19 silly packumentCache full:https://registry.npmjs.org/types-registry cache-miss
20 http fetch GET 200 https://registry.npmjs.org/types-registry 59ms (cache miss)
21 silly packumentCache full:https://registry.npmjs.org/types-registry set size:undefined disposed:false
22 silly placeDep ROOT types-registry@0.1.723 OK for:  want: 0.1.723
23 silly reify moves {}
24 silly audit bulk request { 'types-registry': [ '0.1.723' ] }
25 http cache types-registry@https://registry.npmjs.org/types-registry/-/types-registry-0.1.723.tgz 0ms (cache hit)
26 silly tarball no local data for types-registry@https://registry.npmjs.org/types-registry/-/types-registry-0.1.723.tgz. Extracting by manifest.
27 http fetch GET 200 https://registry.npmjs.org/types-registry/-/types-registry-0.1.723.tgz 76ms (cache miss)
28 http fetch POST 200 https://registry.npmjs.org/-/npm/v1/security/advisories/bulk 143ms
29 silly audit report {}
30 silly ADD node_modules/types-registry
31 verbose cwd /home/ubuntu/.cache/typescript/5.8
32 verbose os Linux 6.1.102
33 verbose node v22.13.0
34 verbose npm  v10.9.2
35 verbose exit 0
36 info ok
