0 verbose cli /home/ubuntu/.nvm/versions/node/v22.13.0/bin/node /home/ubuntu/.nvm/versions/node/v22.13.0/bin/npm
1 info using npm@10.9.2
2 info using node@v22.13.0
3 silly config load:file:/home/ubuntu/.nvm/versions/node/v22.13.0/lib/node_modules/npm/npmrc
4 silly config load:file:/home/ubuntu/multiclinic-app/.npmrc
5 silly config load:file:/home/ubuntu/.npmrc
6 silly config load:file:/home/ubuntu/.nvm/versions/node/v22.13.0/etc/npmrc
7 verbose title npm install typescript @types/react @types/node
8 verbose argv "install" "--save-dev" "typescript" "@types/react" "@types/node"
9 verbose logfile logs-max:10 dir:/home/ubuntu/.npm/_logs/2025-06-07T07_44_18_807Z-
10 verbose logfile /home/ubuntu/.npm/_logs/2025-06-07T07_44_18_807Z-debug-0.log
11 silly logfile done cleaning log files
12 silly packumentCache heap:2117074944 maxSize:529268736 maxEntrySize:264634368
13 silly idealTree buildDeps
14 silly fetch manifest @types/react@^19.1.2
15 silly packumentCache full:https://registry.npmjs.org/@types%2freact cache-miss
16 http fetch GET 200 https://registry.npmjs.org/@types%2freact 128ms (cache miss)
17 silly packumentCache full:https://registry.npmjs.org/@types%2freact set size:undefined disposed:false
18 silly fetch manifest typescript@*
19 silly packumentCache full:https://registry.npmjs.org/typescript cache-miss
20 http fetch GET 200 https://registry.npmjs.org/typescript 153ms (cache miss)
21 silly packumentCache full:https://registry.npmjs.org/typescript set size:undefined disposed:false
22 silly fetch manifest @types/node@*
23 silly packumentCache full:https://registry.npmjs.org/@types%2fnode cache-miss
24 http fetch GET 200 https://registry.npmjs.org/@types%2fnode 58ms (cache revalidated)
25 silly packumentCache full:https://registry.npmjs.org/@types%2fnode set size:10234472 disposed:false
26 silly placeDep ROOT @types/node@22.15.30 OK for: multiclinic-app@0.0.0 want: *
27 silly placeDep ROOT @types/react@19.1.6 REPLACE for: multiclinic-app@0.0.0 want: ^19.1.2
28 silly placeDep ROOT typescript@5.8.3 OK for: multiclinic-app@0.0.0 want: *
29 silly fetch manifest undici-types@~6.21.0
30 silly packumentCache full:https://registry.npmjs.org/undici-types cache-miss
31 silly fetch manifest csstype@^3.0.2
32 silly packumentCache full:https://registry.npmjs.org/csstype cache-miss
33 http fetch GET 200 https://registry.npmjs.org/csstype 32ms (cache miss)
34 silly packumentCache full:https://registry.npmjs.org/csstype set size:undefined disposed:false
35 http fetch GET 200 https://registry.npmjs.org/undici-types 37ms (cache revalidated)
36 silly packumentCache full:https://registry.npmjs.org/undici-types set size:137075 disposed:false
37 silly fetch manifest @eslint-community/eslint-plugin-mysticatea@^15.5.1
38 silly packumentCache full:https://registry.npmjs.org/@eslint-community%2feslint-plugin-mysticatea cache-miss
39 http fetch GET 200 https://registry.npmjs.org/@eslint-community%2feslint-plugin-mysticatea 99ms (cache miss)
40 silly packumentCache full:https://registry.npmjs.org/@eslint-community%2feslint-plugin-mysticatea set size:undefined disposed:false
41 silly fetch manifest eslint@^8.50.0
42 silly packumentCache full:https://registry.npmjs.org/eslint cache-miss
43 http fetch GET 200 https://registry.npmjs.org/eslint 40ms (cache miss)
44 silly packumentCache full:https://registry.npmjs.org/eslint set size:undefined disposed:false
45 silly fetch manifest @rollup/plugin-node-resolve@^14.1.0
46 silly packumentCache full:https://registry.npmjs.org/@rollup%2fplugin-node-resolve cache-miss
47 http fetch GET 200 https://registry.npmjs.org/@rollup%2fplugin-node-resolve 42ms (cache miss)
48 silly packumentCache full:https://registry.npmjs.org/@rollup%2fplugin-node-resolve set size:undefined disposed:false
49 silly fetch manifest rollup@^2.79.1
50 silly packumentCache full:https://registry.npmjs.org/rollup cache-miss
51 http fetch GET 200 https://registry.npmjs.org/rollup 67ms (cache miss)
52 silly packumentCache full:https://registry.npmjs.org/rollup set size:undefined disposed:false
53 silly fetch manifest @types/eslint@^8.44.3
54 silly packumentCache full:https://registry.npmjs.org/@types%2feslint cache-miss
55 http fetch GET 200 https://registry.npmjs.org/@types%2feslint 34ms (cache miss)
56 silly packumentCache full:https://registry.npmjs.org/@types%2feslint set size:undefined disposed:false
57 silly fetch manifest @types/jsdom@^16.2.15
58 silly packumentCache full:https://registry.npmjs.org/@types%2fjsdom cache-miss
59 http fetch GET 200 https://registry.npmjs.org/@types%2fjsdom 31ms (cache miss)
60 silly packumentCache full:https://registry.npmjs.org/@types%2fjsdom set size:undefined disposed:false
61 silly fetch manifest @types/mocha@^9.1.1
62 silly packumentCache full:https://registry.npmjs.org/@types%2fmocha cache-miss
63 http fetch GET 200 https://registry.npmjs.org/@types%2fmocha 39ms (cache miss)
64 silly packumentCache full:https://registry.npmjs.org/@types%2fmocha set size:undefined disposed:false
65 silly fetch manifest @types/node@^12.20.55
66 silly packumentCache full:https://registry.npmjs.org/@types%2fnode cache-miss
67 http cache https://registry.npmjs.org/@types%2fnode 25ms (cache hit)
68 silly packumentCache full:https://registry.npmjs.org/@types%2fnode set size:10234472 disposed:false
69 silly fetch manifest dts-bundle@^0.7.3
70 silly packumentCache full:https://registry.npmjs.org/dts-bundle cache-miss
71 http fetch GET 200 https://registry.npmjs.org/dts-bundle 30ms (cache miss)
72 silly packumentCache full:https://registry.npmjs.org/dts-bundle set size:undefined disposed:false
73 silly fetch manifest js-tokens@^8.0.2
74 silly packumentCache full:https://registry.npmjs.org/js-tokens cache-miss
75 http fetch GET 200 https://registry.npmjs.org/js-tokens 20ms (cache miss)
76 silly packumentCache full:https://registry.npmjs.org/js-tokens set size:undefined disposed:false
77 silly fetch manifest jsdom@^19.0.0
78 silly packumentCache full:https://registry.npmjs.org/jsdom cache-miss
79 http fetch GET 200 https://registry.npmjs.org/jsdom 33ms (cache miss)
80 silly packumentCache full:https://registry.npmjs.org/jsdom set size:undefined disposed:false
81 silly fetch manifest canvas@^2.5.0
82 silly packumentCache full:https://registry.npmjs.org/canvas cache-miss
83 http fetch GET 200 https://registry.npmjs.org/canvas 25ms (cache miss)
84 silly packumentCache full:https://registry.npmjs.org/canvas set size:undefined disposed:false
85 silly fetch manifest mocha@^9.2.2
86 silly packumentCache full:https://registry.npmjs.org/mocha cache-miss
87 http fetch GET 200 https://registry.npmjs.org/mocha 138ms (cache miss)
88 silly packumentCache full:https://registry.npmjs.org/mocha set size:undefined disposed:false
89 silly fetch manifest npm-run-all2@^6.2.2
90 silly packumentCache full:https://registry.npmjs.org/npm-run-all2 cache-miss
91 http fetch GET 200 https://registry.npmjs.org/npm-run-all2 21ms (cache miss)
92 silly packumentCache full:https://registry.npmjs.org/npm-run-all2 set size:undefined disposed:false
93 silly fetch manifest nyc@^14.1.1
94 silly packumentCache full:https://registry.npmjs.org/nyc cache-miss
95 http fetch GET 200 https://registry.npmjs.org/nyc 26ms (cache miss)
96 silly packumentCache full:https://registry.npmjs.org/nyc set size:undefined disposed:false
97 silly fetch manifest rimraf@^3.0.2
98 silly packumentCache full:https://registry.npmjs.org/rimraf cache-miss
99 http fetch GET 200 https://registry.npmjs.org/rimraf 30ms (cache miss)
100 silly packumentCache full:https://registry.npmjs.org/rimraf set size:undefined disposed:false
101 silly fetch manifest rollup-plugin-sourcemaps@^0.6.3
102 silly packumentCache full:https://registry.npmjs.org/rollup-plugin-sourcemaps cache-miss
103 http fetch GET 200 https://registry.npmjs.org/rollup-plugin-sourcemaps 25ms (cache miss)
104 silly packumentCache full:https://registry.npmjs.org/rollup-plugin-sourcemaps set size:undefined disposed:false
105 silly fetch manifest ts-node@^10.9.1
106 silly packumentCache full:https://registry.npmjs.org/ts-node cache-miss
107 http fetch GET 200 https://registry.npmjs.org/ts-node 24ms (cache miss)
108 silly packumentCache full:https://registry.npmjs.org/ts-node set size:undefined disposed:false
109 silly fetch manifest @swc/core@>=1.2.50
110 silly packumentCache full:https://registry.npmjs.org/@swc%2fcore cache-miss
111 http fetch GET 200 https://registry.npmjs.org/@swc%2fcore 69ms (cache miss)
112 silly packumentCache full:https://registry.npmjs.org/@swc%2fcore set size:undefined disposed:false
113 silly fetch manifest @swc/helpers@>=0.5.17
114 silly packumentCache full:https://registry.npmjs.org/@swc%2fhelpers cache-miss
115 http fetch GET 200 https://registry.npmjs.org/@swc%2fhelpers 39ms (cache miss)
116 silly packumentCache full:https://registry.npmjs.org/@swc%2fhelpers set size:undefined disposed:false
117 silly fetch manifest @swc/wasm@>=1.2.50
118 silly packumentCache full:https://registry.npmjs.org/@swc%2fwasm cache-miss
119 http fetch GET 200 https://registry.npmjs.org/@swc%2fwasm 45ms (cache miss)
120 silly packumentCache full:https://registry.npmjs.org/@swc%2fwasm set size:undefined disposed:false
121 silly fetch manifest typescript@~5.0.2
122 silly packumentCache full:https://registry.npmjs.org/typescript cache-miss
123 http cache https://registry.npmjs.org/typescript 34ms (cache hit)
124 silly packumentCache full:https://registry.npmjs.org/typescript set size:14272678 disposed:false
125 silly placeDep node_modules/.pnpm/@eslint-community+regexpp@4.12.1/node_modules/@eslint-community/regexpp @eslint-community/eslint-plugin-mysticatea@15.8.0 OK for: @eslint-community/regexpp@4.12.1 want: ^15.5.1
126 silly placeDep node_modules/.pnpm/@eslint-community+regexpp@4.12.1/node_modules/@eslint-community/regexpp eslint@8.57.1 OK for: @eslint-community/eslint-plugin-mysticatea@15.8.0 want: ^6.6.0 || ^7.0.0 || ^8.0.0
127 silly placeDep node_modules/.pnpm/@eslint-community+regexpp@4.12.1/node_modules/@eslint-community/regexpp @rollup/plugin-node-resolve@14.1.0 OK for: @eslint-community/regexpp@4.12.1 want: ^14.1.0
128 silly placeDep node_modules/.pnpm/@eslint-community+regexpp@4.12.1/node_modules/@eslint-community/regexpp rollup@2.79.2 OK for: @rollup/plugin-node-resolve@14.1.0 want: ^2.78.0
129 silly placeDep ROOT @types/eslint@8.56.12 OK for: @eslint-community/regexpp@4.12.1 want: ^8.44.3
130 silly placeDep ROOT @types/jsdom@16.2.15 OK for: @eslint-community/regexpp@4.12.1 want: ^16.2.15
131 silly placeDep ROOT @types/mocha@9.1.1 OK for: @eslint-community/regexpp@4.12.1 want: ^9.1.1
132 silly placeDep node_modules/.pnpm/@eslint-community+regexpp@4.12.1/node_modules/@eslint-community/regexpp @types/node@12.20.55 OK for: @eslint-community/regexpp@4.12.1 want: ^12.20.55
133 silly placeDep ROOT dts-bundle@0.7.3 OK for: @eslint-community/regexpp@4.12.1 want: ^0.7.3
134 silly placeDep ROOT js-tokens@8.0.3 OK for: @eslint-community/regexpp@4.12.1 want: ^8.0.2
135 silly placeDep ROOT jsdom@19.0.0 OK for: @eslint-community/regexpp@4.12.1 want: ^19.0.0
136 silly placeDep ROOT mocha@9.2.2 OK for: @eslint-community/regexpp@4.12.1 want: ^9.2.2
137 silly placeDep ROOT npm-run-all2@6.2.6 OK for: @eslint-community/regexpp@4.12.1 want: ^6.2.2
138 silly placeDep ROOT nyc@14.1.1 OK for: @eslint-community/regexpp@4.12.1 want: ^14.1.1
139 silly placeDep ROOT rimraf@3.0.2 OK for: @eslint-community/regexpp@4.12.1 want: ^3.0.2
140 silly placeDep node_modules/.pnpm/@eslint-community+regexpp@4.12.1/node_modules/@eslint-community/regexpp rollup-plugin-sourcemaps@0.6.3 OK for: @eslint-community/regexpp@4.12.1 want: ^0.6.3
141 silly placeDep node_modules/.pnpm/@eslint-community+regexpp@4.12.1/node_modules/@eslint-community/regexpp ts-node@10.9.2 OK for: @eslint-community/regexpp@4.12.1 want: ^10.9.1
142 silly placeDep node_modules/.pnpm/@eslint-community+regexpp@4.12.1/node_modules/@eslint-community/regexpp typescript@5.0.4 OK for: @eslint-community/regexpp@4.12.1 want: ~5.0.2
143 silly fetch manifest semver@^7.6.3
144 silly packumentCache full:https://registry.npmjs.org/semver cache-miss
145 silly fetch manifest prettier@~2.8.8
146 silly packumentCache full:https://registry.npmjs.org/prettier cache-miss
147 silly fetch manifest eslint-plugin-vue@~8.7.1
148 silly packumentCache full:https://registry.npmjs.org/eslint-plugin-vue cache-miss
149 http fetch GET 200 https://registry.npmjs.org/semver 38ms (cache revalidated)
150 silly packumentCache full:https://registry.npmjs.org/semver set size:224186 disposed:false
151 silly fetch manifest vue-eslint-parser@^8.3.0
152 silly packumentCache full:https://registry.npmjs.org/vue-eslint-parser cache-miss
153 http fetch GET 200 https://registry.npmjs.org/prettier 41ms (cache miss)
154 silly packumentCache full:https://registry.npmjs.org/prettier set size:undefined disposed:false
155 silly fetch manifest eslint-plugin-node@~11.1.0
156 silly packumentCache full:https://registry.npmjs.org/eslint-plugin-node cache-miss
157 http fetch GET 200 https://registry.npmjs.org/eslint-plugin-vue 48ms (cache miss)
158 silly packumentCache full:https://registry.npmjs.org/eslint-plugin-vue set size:undefined disposed:false
159 silly fetch manifest eslint-plugin-prettier@~3.4.1
160 silly packumentCache full:https://registry.npmjs.org/eslint-plugin-prettier cache-miss
161 http fetch GET 200 https://registry.npmjs.org/vue-eslint-parser 26ms (cache miss)
162 silly packumentCache full:https://registry.npmjs.org/vue-eslint-parser set size:undefined disposed:false
163 silly fetch manifest @typescript-eslint/parser@~5.62.0
164 silly packumentCache full:https://registry.npmjs.org/@typescript-eslint%2fparser cache-miss
165 http fetch GET 200 https://registry.npmjs.org/eslint-plugin-node 31ms (cache miss)
166 silly packumentCache full:https://registry.npmjs.org/eslint-plugin-node set size:undefined disposed:false
167 silly fetch manifest eslint-plugin-eslint-plugin@~4.4.1
168 silly packumentCache full:https://registry.npmjs.org/eslint-plugin-eslint-plugin cache-miss
169 http fetch GET 200 https://registry.npmjs.org/eslint-plugin-prettier 27ms (cache miss)
170 silly packumentCache full:https://registry.npmjs.org/eslint-plugin-prettier set size:undefined disposed:false
171 silly fetch manifest eslint-plugin-eslint-comments@~3.2.0
172 silly packumentCache full:https://registry.npmjs.org/eslint-plugin-eslint-comments cache-miss
173 http fetch GET 200 https://registry.npmjs.org/eslint-plugin-eslint-comments 28ms (cache miss)
174 silly packumentCache full:https://registry.npmjs.org/eslint-plugin-eslint-comments set size:undefined disposed:false
175 silly fetch manifest @typescript-eslint/eslint-plugin@~5.62.0
176 silly packumentCache full:https://registry.npmjs.org/@typescript-eslint%2feslint-plugin cache-miss
177 http fetch GET 200 https://registry.npmjs.org/eslint-plugin-eslint-plugin 38ms (cache miss)
178 silly packumentCache full:https://registry.npmjs.org/eslint-plugin-eslint-plugin set size:undefined disposed:false
179 silly fetch manifest levn@^0.4.1
180 silly packumentCache full:https://registry.npmjs.org/levn cache-miss
181 http fetch GET 200 https://registry.npmjs.org/levn 25ms (cache miss)
182 silly packumentCache full:https://registry.npmjs.org/levn set size:undefined disposed:false
183 silly fetch manifest espree@^9.6.1
184 silly packumentCache full:https://registry.npmjs.org/espree cache-miss
185 http fetch GET 200 https://registry.npmjs.org/espree 37ms (cache miss)
186 silly packumentCache full:https://registry.npmjs.org/espree set size:undefined disposed:false
187 silly fetch manifest ignore@^5.2.0
188 silly packumentCache full:https://registry.npmjs.org/ignore cache-miss
189 http fetch GET 200 https://registry.npmjs.org/ignore 40ms (cache revalidated)
190 silly packumentCache full:https://registry.npmjs.org/ignore set size:237380 disposed:false
191 silly fetch manifest esutils@^2.0.2
192 silly packumentCache full:https://registry.npmjs.org/esutils cache-miss
193 http fetch GET 200 https://registry.npmjs.org/esutils 24ms (cache revalidated)
194 silly packumentCache full:https://registry.npmjs.org/esutils set size:29522 disposed:false
195 silly fetch manifest find-up@^5.0.0
196 silly packumentCache full:https://registry.npmjs.org/find-up cache-miss
197 http fetch GET 200 https://registry.npmjs.org/find-up 24ms (cache miss)
198 silly packumentCache full:https://registry.npmjs.org/find-up set size:undefined disposed:false
199 silly fetch manifest globals@^13.19.0
200 silly packumentCache full:https://registry.npmjs.org/globals cache-miss
201 http fetch GET 200 https://registry.npmjs.org/globals 28ms (cache miss)
202 silly packumentCache full:https://registry.npmjs.org/globals set size:undefined disposed:false
203 silly fetch manifest is-glob@^4.0.0
204 silly packumentCache full:https://registry.npmjs.org/is-glob cache-miss
205 http fetch GET 200 https://registry.npmjs.org/is-glob 21ms (cache revalidated)
206 silly packumentCache full:https://registry.npmjs.org/is-glob set size:40530 disposed:false
207 silly fetch manifest js-yaml@^4.1.0
208 silly packumentCache full:https://registry.npmjs.org/js-yaml cache-miss
209 http fetch GET 200 https://registry.npmjs.org/js-yaml 22ms (cache revalidated)
210 silly packumentCache full:https://registry.npmjs.org/js-yaml set size:145975 disposed:false
211 silly fetch manifest doctrine@^3.0.0
212 silly packumentCache full:https://registry.npmjs.org/doctrine cache-miss
213 http fetch GET 200 https://registry.npmjs.org/@typescript-eslint%2fparser 297ms (cache miss)
214 silly packumentCache full:https://registry.npmjs.org/@typescript-eslint%2fparser set size:undefined disposed:false
215 silly fetch manifest graphemer@^1.4.0
216 silly packumentCache full:https://registry.npmjs.org/graphemer cache-miss
217 http fetch GET 200 https://registry.npmjs.org/doctrine 151ms (cache miss)
218 silly packumentCache full:https://registry.npmjs.org/doctrine set size:undefined disposed:false
219 silly fetch manifest minimatch@^3.1.2
220 silly packumentCache full:https://registry.npmjs.org/minimatch cache-miss
221 http fetch GET 200 https://registry.npmjs.org/graphemer 19ms (cache miss)
222 silly packumentCache full:https://registry.npmjs.org/graphemer set size:undefined disposed:false
223 silly fetch manifest @eslint/js@8.57.1
224 silly packumentCache full:https://registry.npmjs.org/@eslint%2fjs cache-miss
225 http fetch GET 200 https://registry.npmjs.org/minimatch 26ms (cache revalidated)
226 silly packumentCache full:https://registry.npmjs.org/minimatch set size:398328 disposed:false
227 silly fetch manifest optionator@^0.9.3
228 silly packumentCache full:https://registry.npmjs.org/optionator cache-miss
229 http fetch GET 200 https://registry.npmjs.org/@typescript-eslint%2feslint-plugin 437ms (cache miss)
230 silly packumentCache full:https://registry.npmjs.org/@typescript-eslint%2feslint-plugin set size:undefined disposed:false
231 silly fetch manifest strip-ansi@^6.0.1
232 silly packumentCache full:https://registry.npmjs.org/strip-ansi cache-miss
233 http fetch GET 200 https://registry.npmjs.org/optionator 133ms (cache miss)
234 silly packumentCache full:https://registry.npmjs.org/optionator set size:undefined disposed:false
235 silly fetch manifest text-table@^0.2.0
236 silly packumentCache full:https://registry.npmjs.org/text-table cache-miss
237 http fetch GET 200 https://registry.npmjs.org/@eslint%2fjs 153ms (cache miss)
238 silly packumentCache full:https://registry.npmjs.org/@eslint%2fjs set size:undefined disposed:false
239 silly fetch manifest glob-parent@^6.0.2
240 silly packumentCache full:https://registry.npmjs.org/glob-parent cache-miss
241 http fetch GET 200 https://registry.npmjs.org/strip-ansi 29ms (cache revalidated)
242 silly packumentCache full:https://registry.npmjs.org/strip-ansi set size:43180 disposed:false
243 silly fetch manifest imurmurhash@^0.1.4
244 silly packumentCache full:https://registry.npmjs.org/imurmurhash cache-miss
245 http fetch GET 200 https://registry.npmjs.org/text-table 25ms (cache miss)
246 silly packumentCache full:https://registry.npmjs.org/text-table set size:undefined disposed:false
247 silly fetch manifest eslint-scope@^7.2.2
248 silly packumentCache full:https://registry.npmjs.org/eslint-scope cache-miss
249 http fetch GET 200 https://registry.npmjs.org/glob-parent 25ms (cache revalidated)
250 silly packumentCache full:https://registry.npmjs.org/glob-parent set size:42445 disposed:false
251 silly fetch manifest lodash.merge@^4.6.2
252 silly packumentCache full:https://registry.npmjs.org/lodash.merge cache-miss
253 http fetch GET 200 https://registry.npmjs.org/imurmurhash 21ms (cache revalidated)
254 silly packumentCache full:https://registry.npmjs.org/imurmurhash set size:35819 disposed:false
255 silly fetch manifest is-path-inside@^3.0.3
256 silly packumentCache full:https://registry.npmjs.org/is-path-inside cache-miss
257 http fetch GET 200 https://registry.npmjs.org/eslint-scope 20ms (cache miss)
258 silly packumentCache full:https://registry.npmjs.org/eslint-scope set size:undefined disposed:false
259 silly fetch manifest natural-compare@^1.4.0
260 silly packumentCache full:https://registry.npmjs.org/natural-compare cache-miss
261 http fetch GET 200 https://registry.npmjs.org/lodash.merge 22ms (cache miss)
262 silly packumentCache full:https://registry.npmjs.org/lodash.merge set size:undefined disposed:false
263 silly fetch manifest @eslint/eslintrc@^2.1.4
264 silly packumentCache full:https://registry.npmjs.org/@eslint%2feslintrc cache-miss
265 http fetch GET 200 https://registry.npmjs.org/is-path-inside 19ms (cache revalidated)
266 silly packumentCache full:https://registry.npmjs.org/is-path-inside set size:23585 disposed:false
267 silly fetch manifest @nodelib/fs.walk@^1.2.8
268 silly packumentCache full:https://registry.npmjs.org/@nodelib%2ffs.walk cache-miss
269 http fetch GET 200 https://registry.npmjs.org/natural-compare 20ms (cache miss)
270 silly packumentCache full:https://registry.npmjs.org/natural-compare set size:undefined disposed:false
271 silly fetch manifest file-entry-cache@^6.0.1
272 silly packumentCache full:https://registry.npmjs.org/file-entry-cache cache-miss
273 http fetch GET 200 https://registry.npmjs.org/file-entry-cache 17ms (cache miss)
274 silly packumentCache full:https://registry.npmjs.org/file-entry-cache set size:undefined disposed:false
275 silly fetch manifest eslint-visitor-keys@^3.4.3
276 silly packumentCache full:https://registry.npmjs.org/eslint-visitor-keys cache-miss
277 http fetch GET 200 https://registry.npmjs.org/@nodelib%2ffs.walk 26ms (cache miss)
278 silly packumentCache full:https://registry.npmjs.org/@nodelib%2ffs.walk set size:undefined disposed:false
279 silly fetch manifest @ungap/structured-clone@^1.2.0
280 silly packumentCache full:https://registry.npmjs.org/@ungap%2fstructured-clone cache-miss
281 http fetch GET 200 https://registry.npmjs.org/@eslint%2feslintrc 49ms (cache miss)
282 silly packumentCache full:https://registry.npmjs.org/@eslint%2feslintrc set size:undefined disposed:false
283 silly fetch manifest @eslint-community/regexpp@^4.6.1
284 silly packumentCache full:https://registry.npmjs.org/@eslint-community%2fregexpp cache-miss
285 http fetch GET 200 https://registry.npmjs.org/eslint-visitor-keys 21ms (cache miss)
286 silly packumentCache full:https://registry.npmjs.org/eslint-visitor-keys set size:undefined disposed:false
287 silly fetch manifest @humanwhocodes/config-array@^0.13.0
288 silly packumentCache full:https://registry.npmjs.org/@humanwhocodes%2fconfig-array cache-miss
289 http fetch GET 200 https://registry.npmjs.org/@ungap%2fstructured-clone 40ms (cache miss)
290 silly packumentCache full:https://registry.npmjs.org/@ungap%2fstructured-clone set size:undefined disposed:false
291 silly fetch manifest @eslint-community/eslint-utils@^4.2.0
292 silly packumentCache full:https://registry.npmjs.org/@eslint-community%2feslint-utils cache-miss
293 http fetch GET 200 https://registry.npmjs.org/@eslint-community%2fregexpp 33ms (cache miss)
294 silly packumentCache full:https://registry.npmjs.org/@eslint-community%2fregexpp set size:undefined disposed:false
295 silly fetch manifest @humanwhocodes/module-importer@^1.0.1
296 silly packumentCache full:https://registry.npmjs.org/@humanwhocodes%2fmodule-importer cache-miss
297 http fetch GET 200 https://registry.npmjs.org/@humanwhocodes%2fconfig-array 35ms (cache miss)
298 silly packumentCache full:https://registry.npmjs.org/@humanwhocodes%2fconfig-array set size:undefined disposed:false
299 silly fetch manifest json-stable-stringify-without-jsonify@^1.0.1
300 silly packumentCache full:https://registry.npmjs.org/json-stable-stringify-without-jsonify cache-miss
301 http fetch GET 200 https://registry.npmjs.org/json-stable-stringify-without-jsonify 19ms (cache miss)
302 silly packumentCache full:https://registry.npmjs.org/json-stable-stringify-without-jsonify set size:undefined disposed:false
303 silly fetch manifest resolve@^1.19.0
304 silly packumentCache full:https://registry.npmjs.org/resolve cache-miss
305 http fetch GET 200 https://registry.npmjs.org/@eslint-community%2feslint-utils 33ms (cache miss)
306 silly packumentCache full:https://registry.npmjs.org/@eslint-community%2feslint-utils set size:undefined disposed:false
307 silly fetch manifest deepmerge@^4.2.2
308 silly packumentCache full:https://registry.npmjs.org/deepmerge cache-miss
309 http fetch GET 200 https://registry.npmjs.org/@humanwhocodes%2fmodule-importer 35ms (cache miss)
310 silly packumentCache full:https://registry.npmjs.org/@humanwhocodes%2fmodule-importer set size:undefined disposed:false
311 silly fetch manifest is-module@^1.0.0
312 silly packumentCache full:https://registry.npmjs.org/is-module cache-miss
313 http fetch GET 200 https://registry.npmjs.org/deepmerge 19ms (cache miss)
314 silly packumentCache full:https://registry.npmjs.org/deepmerge set size:undefined disposed:false
315 silly fetch manifest @types/resolve@1.17.1
316 silly packumentCache full:https://registry.npmjs.org/@types%2fresolve cache-miss
317 http fetch GET 200 https://registry.npmjs.org/resolve 25ms (cache miss)
318 silly packumentCache full:https://registry.npmjs.org/resolve set size:undefined disposed:false
319 silly fetch manifest is-builtin-module@^3.1.0
320 silly packumentCache full:https://registry.npmjs.org/is-builtin-module cache-miss
321 http fetch GET 200 https://registry.npmjs.org/is-module 28ms (cache miss)
322 silly packumentCache full:https://registry.npmjs.org/is-module set size:undefined disposed:false
323 silly fetch manifest @rollup/pluginutils@^3.1.0
324 silly packumentCache full:https://registry.npmjs.org/@rollup%2fpluginutils cache-miss
325 http fetch GET 200 https://registry.npmjs.org/is-builtin-module 20ms (cache miss)
326 silly packumentCache full:https://registry.npmjs.org/is-builtin-module set size:undefined disposed:false
327 silly fetch manifest fsevents@~2.3.2
328 silly packumentCache full:https://registry.npmjs.org/fsevents cache-miss
329 http fetch GET 200 https://registry.npmjs.org/@types%2fresolve 30ms (cache miss)
330 silly packumentCache full:https://registry.npmjs.org/@types%2fresolve set size:undefined disposed:false
331 silly fetch manifest @types/estree@*
332 silly packumentCache full:https://registry.npmjs.org/@types%2festree cache-miss
333 http fetch GET 200 https://registry.npmjs.org/fsevents 22ms (cache revalidated)
334 silly packumentCache full:https://registry.npmjs.org/fsevents set size:182472 disposed:false
335 silly fetch manifest @types/json-schema@*
336 silly packumentCache full:https://registry.npmjs.org/@types%2fjson-schema cache-miss
337 http fetch GET 200 https://registry.npmjs.org/@rollup%2fpluginutils 36ms (cache miss)
338 silly packumentCache full:https://registry.npmjs.org/@rollup%2fpluginutils set size:undefined disposed:false
339 silly fetch manifest @types/parse5@^6.0.3
340 silly packumentCache full:https://registry.npmjs.org/@types%2fparse5 cache-miss
341 http fetch GET 200 https://registry.npmjs.org/@types%2festree 30ms (cache miss)
342 silly packumentCache full:https://registry.npmjs.org/@types%2festree set size:undefined disposed:false
343 silly fetch manifest @types/tough-cookie@*
344 silly packumentCache full:https://registry.npmjs.org/@types%2ftough-cookie cache-miss
345 http fetch GET 200 https://registry.npmjs.org/@types%2fparse5 28ms (cache miss)
346 silly packumentCache full:https://registry.npmjs.org/@types%2fparse5 set size:undefined disposed:false
347 silly fetch manifest @types/detect-indent@0.1.30
348 silly packumentCache full:https://registry.npmjs.org/@types%2fdetect-indent cache-miss
349 http fetch GET 200 https://registry.npmjs.org/@types%2fjson-schema 34ms (cache revalidated)
350 silly packumentCache full:https://registry.npmjs.org/@types%2fjson-schema set size:44687 disposed:false
351 silly fetch manifest @types/glob@5.0.30
352 silly packumentCache full:https://registry.npmjs.org/@types%2fglob cache-miss
353 http fetch GET 200 https://registry.npmjs.org/@types%2ftough-cookie 26ms (cache revalidated)
354 silly packumentCache full:https://registry.npmjs.org/@types%2ftough-cookie set size:37943 disposed:false
355 silly fetch manifest @types/mkdirp@0.3.29
356 silly packumentCache full:https://registry.npmjs.org/@types%2fmkdirp cache-miss
357 http fetch GET 200 https://registry.npmjs.org/@types%2fdetect-indent 26ms (cache miss)
358 silly packumentCache full:https://registry.npmjs.org/@types%2fdetect-indent set size:undefined disposed:false
359 silly fetch manifest @types/node@8.0.0
360 silly packumentCache full:https://registry.npmjs.org/@types%2fnode cache-miss
361 http fetch GET 200 https://registry.npmjs.org/@types%2fmkdirp 26ms (cache miss)
362 silly packumentCache full:https://registry.npmjs.org/@types%2fmkdirp set size:undefined disposed:false
363 silly fetch manifest commander@^2.9.0
364 silly packumentCache full:https://registry.npmjs.org/commander cache-miss
365 http cache https://registry.npmjs.org/@types%2fnode 25ms (cache hit)
366 silly packumentCache full:https://registry.npmjs.org/@types%2fnode set size:10234472 disposed:false
367 silly fetch manifest detect-indent@^0.2.0
368 silly packumentCache full:https://registry.npmjs.org/detect-indent cache-miss
369 http fetch GET 200 https://registry.npmjs.org/@types%2fglob 165ms (cache miss)
370 silly packumentCache full:https://registry.npmjs.org/@types%2fglob set size:undefined disposed:false
371 silly fetch manifest glob@^6.0.4
372 silly packumentCache full:https://registry.npmjs.org/glob cache-miss
373 http fetch GET 200 https://registry.npmjs.org/commander 157ms (cache revalidated)
374 silly packumentCache full:https://registry.npmjs.org/commander set size:339973 disposed:false
375 silly fetch manifest mkdirp@^0.5.0
376 silly packumentCache full:https://registry.npmjs.org/mkdirp cache-miss
377 http fetch GET 200 https://registry.npmjs.org/detect-indent 35ms (cache miss)
378 silly packumentCache full:https://registry.npmjs.org/detect-indent set size:undefined disposed:false
379 silly fetch manifest ws@^8.2.3
380 silly packumentCache full:https://registry.npmjs.org/ws cache-miss
381 http fetch GET 200 https://registry.npmjs.org/glob 29ms (cache revalidated)
382 silly packumentCache full:https://registry.npmjs.org/glob set size:405669 disposed:false
383 silly fetch manifest abab@^2.0.5
384 silly packumentCache full:https://registry.npmjs.org/abab cache-miss
385 http fetch GET 200 https://registry.npmjs.org/ws 25ms (cache revalidated)
386 silly packumentCache full:https://registry.npmjs.org/ws set size:408408 disposed:false
387 silly fetch manifest acorn@^8.5.0
388 silly packumentCache full:https://registry.npmjs.org/acorn cache-miss
389 http fetch GET 200 https://registry.npmjs.org/abab 26ms (cache miss)
390 silly packumentCache full:https://registry.npmjs.org/abab set size:undefined disposed:false
391 silly fetch manifest cssom@^0.5.0
392 silly packumentCache full:https://registry.npmjs.org/cssom cache-miss
393 http fetch GET 200 https://registry.npmjs.org/mkdirp 37ms (cache revalidated)
394 silly packumentCache full:https://registry.npmjs.org/mkdirp set size:116455 disposed:false
395 silly fetch manifest saxes@^5.0.1
396 silly packumentCache full:https://registry.npmjs.org/saxes cache-miss
397 http fetch GET 200 https://registry.npmjs.org/cssom 20ms (cache miss)
398 silly packumentCache full:https://registry.npmjs.org/cssom set size:undefined disposed:false
399 silly fetch manifest nwsapi@^2.2.0
400 silly packumentCache full:https://registry.npmjs.org/nwsapi cache-miss
401 http fetch GET 200 https://registry.npmjs.org/acorn 33ms (cache revalidated)
402 silly packumentCache full:https://registry.npmjs.org/acorn set size:375743 disposed:false
403 silly fetch manifest parse5@6.0.1
404 silly packumentCache full:https://registry.npmjs.org/parse5 cache-miss
405 http fetch GET 200 https://registry.npmjs.org/saxes 36ms (cache miss)
406 silly packumentCache full:https://registry.npmjs.org/saxes set size:undefined disposed:false
407 silly fetch manifest cssstyle@^2.3.0
408 silly packumentCache full:https://registry.npmjs.org/cssstyle cache-miss
409 http fetch GET 200 https://registry.npmjs.org/nwsapi 24ms (cache miss)
410 silly packumentCache full:https://registry.npmjs.org/nwsapi set size:undefined disposed:false
411 silly fetch manifest data-urls@^3.0.1
412 silly packumentCache full:https://registry.npmjs.org/data-urls cache-miss
413 http fetch GET 200 https://registry.npmjs.org/parse5 20ms (cache revalidated)
414 silly packumentCache full:https://registry.npmjs.org/parse5 set size:118766 disposed:false
415 silly fetch manifest escodegen@^2.0.0
416 silly packumentCache full:https://registry.npmjs.org/escodegen cache-miss
417 http fetch GET 200 https://registry.npmjs.org/cssstyle 19ms (cache miss)
418 silly packumentCache full:https://registry.npmjs.org/cssstyle set size:undefined disposed:false
419 silly fetch manifest form-data@^4.0.0
420 silly packumentCache full:https://registry.npmjs.org/form-data cache-miss
421 http fetch GET 200 https://registry.npmjs.org/data-urls 20ms (cache miss)
422 silly packumentCache full:https://registry.npmjs.org/data-urls set size:undefined disposed:false
423 silly fetch manifest decimal.js@^10.3.1
424 silly packumentCache full:https://registry.npmjs.org/decimal.js cache-miss
425 http fetch GET 200 https://registry.npmjs.org/escodegen 22ms (cache revalidated)
426 silly packumentCache full:https://registry.npmjs.org/escodegen set size:119723 disposed:false
427 silly fetch manifest whatwg-url@^10.0.0
428 silly packumentCache full:https://registry.npmjs.org/whatwg-url cache-miss
429 http fetch GET 200 https://registry.npmjs.org/form-data 19ms (cache revalidated)
430 silly packumentCache full:https://registry.npmjs.org/form-data set size:134032 disposed:false
431 silly fetch manifest symbol-tree@^3.2.4
432 silly packumentCache full:https://registry.npmjs.org/symbol-tree cache-miss
433 http fetch GET 200 https://registry.npmjs.org/decimal.js 25ms (cache miss)
434 silly packumentCache full:https://registry.npmjs.org/decimal.js set size:undefined disposed:false
435 silly fetch manifest w3c-hr-time@^1.0.2
436 silly packumentCache full:https://registry.npmjs.org/w3c-hr-time cache-miss
437 http fetch GET 200 https://registry.npmjs.org/whatwg-url 35ms (cache revalidated)
438 silly packumentCache full:https://registry.npmjs.org/whatwg-url set size:160604 disposed:false
439 silly fetch manifest domexception@^4.0.0
440 silly packumentCache full:https://registry.npmjs.org/domexception cache-miss
441 http fetch GET 200 https://registry.npmjs.org/w3c-hr-time 24ms (cache miss)
442 silly packumentCache full:https://registry.npmjs.org/w3c-hr-time set size:undefined disposed:false
443 silly fetch manifest tough-cookie@^4.0.0
444 silly packumentCache full:https://registry.npmjs.org/tough-cookie cache-miss
445 http fetch GET 200 https://registry.npmjs.org/symbol-tree 35ms (cache miss)
446 silly packumentCache full:https://registry.npmjs.org/symbol-tree set size:undefined disposed:false
447 silly fetch manifest acorn-globals@^6.0.0
448 silly packumentCache full:https://registry.npmjs.org/acorn-globals cache-miss
449 http fetch GET 200 https://registry.npmjs.org/domexception 24ms (cache miss)
450 silly packumentCache full:https://registry.npmjs.org/domexception set size:undefined disposed:false
451 silly fetch manifest whatwg-encoding@^2.0.0
452 silly packumentCache full:https://registry.npmjs.org/whatwg-encoding cache-miss
453 http fetch GET 200 https://registry.npmjs.org/acorn-globals 22ms (cache miss)
454 silly packumentCache full:https://registry.npmjs.org/acorn-globals set size:undefined disposed:false
455 silly fetch manifest whatwg-mimetype@^3.0.0
456 silly packumentCache full:https://registry.npmjs.org/whatwg-mimetype cache-miss
457 http fetch GET 200 https://registry.npmjs.org/tough-cookie 26ms (cache miss)
458 silly packumentCache full:https://registry.npmjs.org/tough-cookie set size:undefined disposed:false
459 silly fetch manifest http-proxy-agent@^5.0.0
460 silly packumentCache full:https://registry.npmjs.org/http-proxy-agent cache-miss
461 http fetch GET 200 https://registry.npmjs.org/whatwg-mimetype 17ms (cache miss)
462 silly packumentCache full:https://registry.npmjs.org/whatwg-mimetype set size:undefined disposed:false
463 silly fetch manifest https-proxy-agent@^5.0.0
464 silly packumentCache full:https://registry.npmjs.org/https-proxy-agent cache-miss
465 http fetch GET 200 https://registry.npmjs.org/whatwg-encoding 23ms (cache miss)
466 silly packumentCache full:https://registry.npmjs.org/whatwg-encoding set size:undefined disposed:false
467 silly fetch manifest w3c-xmlserializer@^3.0.0
468 silly packumentCache full:https://registry.npmjs.org/w3c-xmlserializer cache-miss
469 http fetch GET 200 https://registry.npmjs.org/http-proxy-agent 20ms (cache revalidated)
470 silly packumentCache full:https://registry.npmjs.org/http-proxy-agent set size:50096 disposed:false
471 silly fetch manifest webidl-conversions@^7.0.0
472 silly packumentCache full:https://registry.npmjs.org/webidl-conversions cache-miss
473 http fetch GET 200 https://registry.npmjs.org/https-proxy-agent 23ms (cache revalidated)
474 silly packumentCache full:https://registry.npmjs.org/https-proxy-agent set size:76222 disposed:false
475 silly fetch manifest xml-name-validator@^4.0.0
476 silly packumentCache full:https://registry.npmjs.org/xml-name-validator cache-miss
477 http fetch GET 200 https://registry.npmjs.org/w3c-xmlserializer 27ms (cache miss)
478 silly packumentCache full:https://registry.npmjs.org/w3c-xmlserializer set size:undefined disposed:false
479 silly fetch manifest html-encoding-sniffer@^3.0.0
480 silly packumentCache full:https://registry.npmjs.org/html-encoding-sniffer cache-miss
481 http fetch GET 200 https://registry.npmjs.org/webidl-conversions 28ms (cache revalidated)
482 silly packumentCache full:https://registry.npmjs.org/webidl-conversions set size:41857 disposed:false
483 silly fetch manifest is-potential-custom-element-name@^1.0.1
484 silly packumentCache full:https://registry.npmjs.org/is-potential-custom-element-name cache-miss
485 http fetch GET 200 https://registry.npmjs.org/xml-name-validator 28ms (cache miss)
486 silly packumentCache full:https://registry.npmjs.org/xml-name-validator set size:undefined disposed:false
487 silly fetch manifest he@1.2.0
488 silly packumentCache full:https://registry.npmjs.org/he cache-miss
489 http fetch GET 200 https://registry.npmjs.org/html-encoding-sniffer 24ms (cache miss)
490 silly packumentCache full:https://registry.npmjs.org/html-encoding-sniffer set size:undefined disposed:false
491 silly fetch manifest ms@2.1.3
492 silly packumentCache full:https://registry.npmjs.org/ms cache-miss
493 http fetch GET 200 https://registry.npmjs.org/is-potential-custom-element-name 23ms (cache miss)
494 silly packumentCache full:https://registry.npmjs.org/is-potential-custom-element-name set size:undefined disposed:false
495 silly fetch manifest diff@5.0.0
496 silly packumentCache full:https://registry.npmjs.org/diff cache-miss
497 http fetch GET 200 https://registry.npmjs.org/he 20ms (cache miss)
498 silly packumentCache full:https://registry.npmjs.org/he set size:undefined disposed:false
499 silly fetch manifest glob@7.2.0
500 silly packumentCache full:https://registry.npmjs.org/glob cache-hit
501 silly fetch manifest debug@4.3.3
502 silly packumentCache full:https://registry.npmjs.org/debug cache-miss
503 http fetch GET 200 https://registry.npmjs.org/ms 23ms (cache revalidated)
504 silly packumentCache full:https://registry.npmjs.org/ms set size:84883 disposed:false
505 silly fetch manifest growl@1.10.5
506 silly packumentCache full:https://registry.npmjs.org/growl cache-miss
507 http fetch GET 200 https://registry.npmjs.org/diff 26ms (cache miss)
508 silly packumentCache full:https://registry.npmjs.org/diff set size:undefined disposed:false
509 silly fetch manifest which@2.0.2
510 silly packumentCache full:https://registry.npmjs.org/which cache-miss
511 http fetch GET 200 https://registry.npmjs.org/debug 28ms (cache revalidated)
512 silly packumentCache full:https://registry.npmjs.org/debug set size:193521 disposed:false
513 silly fetch manifest yargs@16.2.0
514 silly packumentCache full:https://registry.npmjs.org/yargs cache-miss
515 http fetch GET 200 https://registry.npmjs.org/which 22ms (cache revalidated)
516 silly packumentCache full:https://registry.npmjs.org/which set size:62722 disposed:false
517 silly fetch manifest nanoid@3.3.1
518 silly packumentCache full:https://registry.npmjs.org/nanoid cache-miss
519 http fetch GET 200 https://registry.npmjs.org/yargs 24ms (cache revalidated)
520 silly packumentCache full:https://registry.npmjs.org/yargs set size:743056 disposed:false
521 silly fetch manifest find-up@5.0.0
522 silly packumentCache full:https://registry.npmjs.org/find-up cache-miss
523 http fetch GET 200 https://registry.npmjs.org/nanoid 29ms (cache miss)
524 silly packumentCache full:https://registry.npmjs.org/nanoid set size:undefined disposed:false
525 silly fetch manifest js-yaml@4.1.0
526 silly packumentCache full:https://registry.npmjs.org/js-yaml cache-hit
527 silly fetch manifest chokidar@3.5.3
528 silly packumentCache full:https://registry.npmjs.org/chokidar cache-miss
529 http cache https://registry.npmjs.org/find-up 7ms (cache hit)
530 silly packumentCache full:https://registry.npmjs.org/find-up set size:38503 disposed:false
531 silly fetch manifest minimatch@4.2.1
532 silly packumentCache full:https://registry.npmjs.org/minimatch cache-hit
533 silly fetch manifest workerpool@6.2.0
534 silly packumentCache full:https://registry.npmjs.org/workerpool cache-miss
535 http fetch GET 200 https://registry.npmjs.org/chokidar 20ms (cache revalidated)
536 silly packumentCache full:https://registry.npmjs.org/chokidar set size:253451 disposed:false
537 silly fetch manifest ansi-colors@4.1.1
538 silly packumentCache full:https://registry.npmjs.org/ansi-colors cache-miss
539 http fetch GET 200 https://registry.npmjs.org/workerpool 24ms (cache miss)
540 silly packumentCache full:https://registry.npmjs.org/workerpool set size:undefined disposed:false
541 silly fetch manifest log-symbols@4.1.0
542 silly packumentCache full:https://registry.npmjs.org/log-symbols cache-miss
543 http fetch GET 200 https://registry.npmjs.org/ansi-colors 20ms (cache miss)
544 silly packumentCache full:https://registry.npmjs.org/ansi-colors set size:undefined disposed:false
545 silly fetch manifest yargs-parser@20.2.4
546 silly packumentCache full:https://registry.npmjs.org/yargs-parser cache-miss
547 http fetch GET 200 https://registry.npmjs.org/log-symbols 22ms (cache revalidated)
548 silly packumentCache full:https://registry.npmjs.org/log-symbols set size:31991 disposed:false
549 silly fetch manifest browser-stdout@1.3.1
550 silly packumentCache full:https://registry.npmjs.org/browser-stdout cache-miss
551 http fetch GET 200 https://registry.npmjs.org/yargs-parser 19ms (cache revalidated)
552 silly packumentCache full:https://registry.npmjs.org/yargs-parser set size:238630 disposed:false
553 silly fetch manifest supports-color@8.1.1
554 silly packumentCache full:https://registry.npmjs.org/supports-color cache-miss
555 http fetch GET 200 https://registry.npmjs.org/browser-stdout 24ms (cache miss)
556 silly packumentCache full:https://registry.npmjs.org/browser-stdout set size:undefined disposed:false
557 silly fetch manifest yargs-unparser@2.0.0
558 silly packumentCache full:https://registry.npmjs.org/yargs-unparser cache-miss
559 http fetch GET 200 https://registry.npmjs.org/supports-color 18ms (cache revalidated)
560 silly packumentCache full:https://registry.npmjs.org/supports-color set size:115466 disposed:false
561 silly fetch manifest strip-json-comments@3.1.1
562 silly packumentCache full:https://registry.npmjs.org/strip-json-comments cache-miss
563 http fetch GET 200 https://registry.npmjs.org/yargs-unparser 23ms (cache miss)
564 silly packumentCache full:https://registry.npmjs.org/yargs-unparser set size:undefined disposed:false
565 silly fetch manifest escape-string-regexp@4.0.0
566 silly packumentCache full:https://registry.npmjs.org/escape-string-regexp cache-miss
567 http fetch GET 200 https://registry.npmjs.org/strip-json-comments 20ms (cache revalidated)
568 silly packumentCache full:https://registry.npmjs.org/strip-json-comments set size:41580 disposed:false
569 silly fetch manifest serialize-javascript@6.0.0
570 silly packumentCache full:https://registry.npmjs.org/serialize-javascript cache-miss
571 http fetch GET 200 https://registry.npmjs.org/serialize-javascript 19ms (cache miss)
572 silly packumentCache full:https://registry.npmjs.org/serialize-javascript set size:undefined disposed:false
573 silly fetch manifest @ungap/promise-all-settled@1.1.2
574 silly packumentCache full:https://registry.npmjs.org/@ungap%2fpromise-all-settled cache-miss
575 http fetch GET 200 https://registry.npmjs.org/escape-string-regexp 55ms (cache miss)
576 silly packumentCache full:https://registry.npmjs.org/escape-string-regexp set size:undefined disposed:false
577 silly fetch manifest which@^3.0.1
578 silly packumentCache full:https://registry.npmjs.org/which cache-hit
579 silly fetch manifest pidtree@^0.6.0
580 silly packumentCache full:https://registry.npmjs.org/pidtree cache-miss
581 http fetch GET 200 https://registry.npmjs.org/@ungap%2fpromise-all-settled 33ms (cache miss)
582 silly packumentCache full:https://registry.npmjs.org/@ungap%2fpromise-all-settled set size:undefined disposed:false
583 silly fetch manifest minimatch@^9.0.0
584 silly packumentCache full:https://registry.npmjs.org/minimatch cache-hit
585 silly fetch manifest ansi-styles@^6.2.1
586 silly packumentCache full:https://registry.npmjs.org/ansi-styles cache-miss
587 http fetch GET 200 https://registry.npmjs.org/pidtree 21ms (cache miss)
588 silly packumentCache full:https://registry.npmjs.org/pidtree set size:undefined disposed:false
589 silly fetch manifest cross-spawn@^7.0.3
590 silly packumentCache full:https://registry.npmjs.org/cross-spawn cache-miss
591 http fetch GET 200 https://registry.npmjs.org/ansi-styles 25ms (cache revalidated)
592 silly packumentCache full:https://registry.npmjs.org/ansi-styles set size:66356 disposed:false
593 silly fetch manifest shell-quote@^1.7.3
594 silly packumentCache full:https://registry.npmjs.org/shell-quote cache-miss
595 http fetch GET 200 https://registry.npmjs.org/cross-spawn 25ms (cache revalidated)
596 silly packumentCache full:https://registry.npmjs.org/cross-spawn set size:109066 disposed:false
597 silly fetch manifest memorystream@^0.3.1
598 silly packumentCache full:https://registry.npmjs.org/memorystream cache-miss
599 http fetch GET 200 https://registry.npmjs.org/shell-quote 20ms (cache miss)
600 silly packumentCache full:https://registry.npmjs.org/shell-quote set size:undefined disposed:false
601 silly fetch manifest read-package-json-fast@^3.0.2
602 silly packumentCache full:https://registry.npmjs.org/read-package-json-fast cache-miss
603 http fetch GET 200 https://registry.npmjs.org/growl 283ms (cache miss)
604 silly packumentCache full:https://registry.npmjs.org/growl set size:undefined disposed:false
605 silly fetch manifest glob@^7.1.3
606 silly packumentCache full:https://registry.npmjs.org/glob cache-hit
607 silly fetch manifest uuid@^3.3.2
608 silly packumentCache full:https://registry.npmjs.org/uuid cache-miss
609 http fetch GET 200 https://registry.npmjs.org/memorystream 22ms (cache miss)
610 silly packumentCache full:https://registry.npmjs.org/memorystream set size:undefined disposed:false
611 silly fetch manifest archy@^1.0.0
612 silly packumentCache full:https://registry.npmjs.org/archy cache-miss
613 http fetch GET 200 https://registry.npmjs.org/read-package-json-fast 24ms (cache miss)
614 silly packumentCache full:https://registry.npmjs.org/read-package-json-fast set size:undefined disposed:false
615 silly fetch manifest yargs@^13.2.2
616 silly packumentCache full:https://registry.npmjs.org/yargs cache-hit
617 silly fetch manifest rimraf@^2.6.3
618 silly packumentCache full:https://registry.npmjs.org/rimraf cache-miss
619 http cache https://registry.npmjs.org/rimraf 5ms (cache hit)
620 silly packumentCache full:https://registry.npmjs.org/rimraf set size:191579 disposed:false
621 silly fetch manifest cp-file@^6.2.0
622 silly packumentCache full:https://registry.npmjs.org/cp-file cache-miss
623 http fetch GET 200 https://registry.npmjs.org/uuid 21ms (cache revalidated)
624 silly packumentCache full:https://registry.npmjs.org/uuid set size:215972 disposed:false
625 silly fetch manifest find-up@^3.0.0
626 silly packumentCache full:https://registry.npmjs.org/find-up cache-hit
627 silly fetch manifest js-yaml@^3.13.1
628 silly packumentCache full:https://registry.npmjs.org/js-yaml cache-hit
629 silly fetch manifest make-dir@^2.1.0
630 silly packumentCache full:https://registry.npmjs.org/make-dir cache-miss
631 http fetch GET 200 https://registry.npmjs.org/archy 22ms (cache miss)
632 silly packumentCache full:https://registry.npmjs.org/archy set size:undefined disposed:false
633 silly fetch manifest spawn-wrap@^1.4.2
634 silly packumentCache full:https://registry.npmjs.org/spawn-wrap cache-miss
635 http fetch GET 200 https://registry.npmjs.org/cp-file 22ms (cache miss)
636 silly packumentCache full:https://registry.npmjs.org/cp-file set size:undefined disposed:false
637 silly fetch manifest signal-exit@^3.0.2
638 silly packumentCache full:https://registry.npmjs.org/signal-exit cache-miss
639 http fetch GET 200 https://registry.npmjs.org/make-dir 19ms (cache revalidated)
640 silly packumentCache full:https://registry.npmjs.org/make-dir set size:33031 disposed:false
641 silly fetch manifest resolve-from@^4.0.0
642 silly packumentCache full:https://registry.npmjs.org/resolve-from cache-miss
643 http fetch GET 200 https://registry.npmjs.org/spawn-wrap 19ms (cache miss)
644 silly packumentCache full:https://registry.npmjs.org/spawn-wrap set size:undefined disposed:false
645 silly fetch manifest test-exclude@^5.2.3
646 silly packumentCache full:https://registry.npmjs.org/test-exclude cache-miss
647 http fetch GET 200 https://registry.npmjs.org/signal-exit 16ms (cache revalidated)
648 silly packumentCache full:https://registry.npmjs.org/signal-exit set size:53489 disposed:false
649 silly fetch manifest yargs-parser@^13.0.0
650 silly packumentCache full:https://registry.npmjs.org/yargs-parser cache-hit
651 silly fetch manifest find-cache-dir@^2.1.0
652 silly packumentCache full:https://registry.npmjs.org/find-cache-dir cache-miss
653 http fetch GET 200 https://registry.npmjs.org/resolve-from 18ms (cache miss)
654 silly packumentCache full:https://registry.npmjs.org/resolve-from set size:undefined disposed:false
655 silly fetch manifest foreground-child@^1.5.6
656 silly packumentCache full:https://registry.npmjs.org/foreground-child cache-miss
657 http fetch GET 200 https://registry.npmjs.org/test-exclude 25ms (cache miss)
658 silly packumentCache full:https://registry.npmjs.org/test-exclude set size:undefined disposed:false
659 silly fetch manifest istanbul-reports@^2.2.4
660 silly packumentCache full:https://registry.npmjs.org/istanbul-reports cache-miss
661 http fetch GET 200 https://registry.npmjs.org/find-cache-dir 22ms (cache miss)
662 silly packumentCache full:https://registry.npmjs.org/find-cache-dir set size:undefined disposed:false
663 silly fetch manifest merge-source-map@^1.1.0
664 silly packumentCache full:https://registry.npmjs.org/merge-source-map cache-miss
665 http fetch GET 200 https://registry.npmjs.org/foreground-child 20ms (cache revalidated)
666 silly packumentCache full:https://registry.npmjs.org/foreground-child set size:59344 disposed:false
667 silly fetch manifest caching-transform@^3.0.2
668 silly packumentCache full:https://registry.npmjs.org/caching-transform cache-miss
669 http fetch GET 200 https://registry.npmjs.org/merge-source-map 17ms (cache miss)
670 silly packumentCache full:https://registry.npmjs.org/merge-source-map set size:undefined disposed:false
671 silly fetch manifest istanbul-lib-hook@^2.0.7
672 silly packumentCache full:https://registry.npmjs.org/istanbul-lib-hook cache-miss
673 http fetch GET 200 https://registry.npmjs.org/caching-transform 20ms (cache miss)
674 silly packumentCache full:https://registry.npmjs.org/caching-transform set size:undefined disposed:false
675 silly fetch manifest convert-source-map@^1.6.0
676 silly packumentCache full:https://registry.npmjs.org/convert-source-map cache-miss
677 http fetch GET 200 https://registry.npmjs.org/istanbul-reports 33ms (cache miss)
678 silly packumentCache full:https://registry.npmjs.org/istanbul-reports set size:undefined disposed:false
679 silly fetch manifest istanbul-lib-report@^2.0.8
680 silly packumentCache full:https://registry.npmjs.org/istanbul-lib-report cache-miss
681 http fetch GET 200 https://registry.npmjs.org/istanbul-lib-hook 23ms (cache miss)
682 silly packumentCache full:https://registry.npmjs.org/istanbul-lib-hook set size:undefined disposed:false
683 silly fetch manifest istanbul-lib-coverage@^2.0.5
684 silly packumentCache full:https://registry.npmjs.org/istanbul-lib-coverage cache-miss
685 http fetch GET 200 https://registry.npmjs.org/convert-source-map 21ms (cache miss)
686 silly packumentCache full:https://registry.npmjs.org/convert-source-map set size:undefined disposed:false
687 silly fetch manifest istanbul-lib-instrument@^3.3.0
688 silly packumentCache full:https://registry.npmjs.org/istanbul-lib-instrument cache-miss
689 http fetch GET 200 https://registry.npmjs.org/istanbul-lib-coverage 18ms (cache miss)
690 silly packumentCache full:https://registry.npmjs.org/istanbul-lib-coverage set size:undefined disposed:false
691 silly fetch manifest istanbul-lib-source-maps@^3.0.6
692 silly packumentCache full:https://registry.npmjs.org/istanbul-lib-source-maps cache-miss
693 http fetch GET 200 https://registry.npmjs.org/istanbul-lib-instrument 25ms (cache miss)
694 silly packumentCache full:https://registry.npmjs.org/istanbul-lib-instrument set size:undefined disposed:false
695 silly fetch manifest @rollup/pluginutils@^3.0.9
696 silly packumentCache full:https://registry.npmjs.org/@rollup%2fpluginutils cache-miss
697 http cache https://registry.npmjs.org/@rollup%2fpluginutils 4ms (cache hit)
698 silly packumentCache full:https://registry.npmjs.org/@rollup%2fpluginutils set size:110861 disposed:false
699 silly fetch manifest source-map-resolve@^0.6.0
700 silly packumentCache full:https://registry.npmjs.org/source-map-resolve cache-miss
701 http fetch GET 200 https://registry.npmjs.org/istanbul-lib-report 50ms (cache miss)
702 silly packumentCache full:https://registry.npmjs.org/istanbul-lib-report set size:undefined disposed:false
703 silly fetch manifest yn@3.1.1
704 silly packumentCache full:https://registry.npmjs.org/yn cache-miss
705 http fetch GET 200 https://registry.npmjs.org/istanbul-lib-source-maps 20ms (cache miss)
706 silly packumentCache full:https://registry.npmjs.org/istanbul-lib-source-maps set size:undefined disposed:false
707 silly fetch manifest arg@^4.1.0
708 silly packumentCache full:https://registry.npmjs.org/arg cache-miss
709 http fetch GET 200 https://registry.npmjs.org/source-map-resolve 25ms (cache miss)
710 silly packumentCache full:https://registry.npmjs.org/source-map-resolve set size:undefined disposed:false
711 silly fetch manifest diff@^4.0.1
712 silly packumentCache full:https://registry.npmjs.org/diff cache-miss
713 http fetch GET 200 https://registry.npmjs.org/yn 23ms (cache miss)
714 silly packumentCache full:https://registry.npmjs.org/yn set size:undefined disposed:false
715 silly fetch manifest acorn-walk@^8.1.1
716 silly packumentCache full:https://registry.npmjs.org/acorn-walk cache-miss
717 http fetch GET 200 https://registry.npmjs.org/arg 21ms (cache miss)
718 silly packumentCache full:https://registry.npmjs.org/arg set size:undefined disposed:false
719 silly fetch manifest make-error@^1.1.1
720 silly packumentCache full:https://registry.npmjs.org/make-error cache-miss
721 http cache https://registry.npmjs.org/diff 5ms (cache hit)
722 silly packumentCache full:https://registry.npmjs.org/diff set size:149252 disposed:false
723 silly fetch manifest create-require@^1.1.0
724 silly packumentCache full:https://registry.npmjs.org/create-require cache-miss
725 http fetch GET 200 https://registry.npmjs.org/make-error 20ms (cache miss)
726 silly packumentCache full:https://registry.npmjs.org/make-error set size:undefined disposed:false
727 silly fetch manifest @tsconfig/node10@^1.0.7
728 silly packumentCache full:https://registry.npmjs.org/@tsconfig%2fnode10 cache-miss
729 http fetch GET 200 https://registry.npmjs.org/create-require 20ms (cache miss)
730 silly packumentCache full:https://registry.npmjs.org/create-require set size:undefined disposed:false
731 silly fetch manifest @tsconfig/node12@^1.0.7
732 silly packumentCache full:https://registry.npmjs.org/@tsconfig%2fnode12 cache-miss
733 http fetch GET 200 https://registry.npmjs.org/acorn-walk 34ms (cache revalidated)
734 silly packumentCache full:https://registry.npmjs.org/acorn-walk set size:48148 disposed:false
735 silly fetch manifest @tsconfig/node14@^1.0.0
736 silly packumentCache full:https://registry.npmjs.org/@tsconfig%2fnode14 cache-miss
737 http fetch GET 200 https://registry.npmjs.org/@tsconfig%2fnode10 30ms (cache miss)
738 silly packumentCache full:https://registry.npmjs.org/@tsconfig%2fnode10 set size:undefined disposed:false
739 silly fetch manifest @tsconfig/node16@^1.0.2
740 silly packumentCache full:https://registry.npmjs.org/@tsconfig%2fnode16 cache-miss
741 http fetch GET 200 https://registry.npmjs.org/@tsconfig%2fnode12 35ms (cache miss)
742 silly packumentCache full:https://registry.npmjs.org/@tsconfig%2fnode12 set size:undefined disposed:false
743 silly fetch manifest v8-compile-cache-lib@^3.0.1
744 silly packumentCache full:https://registry.npmjs.org/v8-compile-cache-lib cache-miss
745 http fetch GET 200 https://registry.npmjs.org/@tsconfig%2fnode14 30ms (cache miss)
746 silly packumentCache full:https://registry.npmjs.org/@tsconfig%2fnode14 set size:undefined disposed:false
747 silly fetch manifest @cspotcode/source-map-support@^0.8.0
748 silly packumentCache full:https://registry.npmjs.org/@cspotcode%2fsource-map-support cache-miss
749 http fetch GET 200 https://registry.npmjs.org/v8-compile-cache-lib 20ms (cache miss)
750 silly packumentCache full:https://registry.npmjs.org/v8-compile-cache-lib set size:undefined disposed:false
751 http fetch GET 200 https://registry.npmjs.org/@tsconfig%2fnode16 32ms (cache miss)
752 silly packumentCache full:https://registry.npmjs.org/@tsconfig%2fnode16 set size:undefined disposed:false
753 http fetch GET 200 https://registry.npmjs.org/@cspotcode%2fsource-map-support 45ms (cache revalidated)
754 silly packumentCache full:https://registry.npmjs.org/@cspotcode%2fsource-map-support set size:30214 disposed:false
755 silly fetch manifest @eslint/core@^0.14.0
756 silly packumentCache full:https://registry.npmjs.org/@eslint%2fcore cache-miss
757 http fetch GET 200 https://registry.npmjs.org/@eslint%2fcore 27ms (cache miss)
758 silly packumentCache full:https://registry.npmjs.org/@eslint%2fcore set size:undefined disposed:false
759 silly fetch manifest c8@^9.1.0
760 silly packumentCache full:https://registry.npmjs.org/c8 cache-miss
761 http fetch GET 200 https://registry.npmjs.org/c8 22ms (cache miss)
762 silly packumentCache full:https://registry.npmjs.org/c8 set size:undefined disposed:false
763 silly fetch manifest mocha@^10.4.0
764 silly packumentCache full:https://registry.npmjs.org/mocha cache-miss
765 http cache https://registry.npmjs.org/mocha 9ms (cache hit)
766 silly packumentCache full:https://registry.npmjs.org/mocha set size:3701161 disposed:false
767 silly fetch manifest rollup-plugin-copy@^3.5.0
768 silly packumentCache full:https://registry.npmjs.org/rollup-plugin-copy cache-miss
769 http fetch GET 200 https://registry.npmjs.org/rollup-plugin-copy 20ms (cache miss)
770 silly packumentCache full:https://registry.npmjs.org/rollup-plugin-copy set size:undefined disposed:false
771 silly placeDep ROOT @eslint/core@0.14.0 OK for: @eslint/config-helpers@0.2.2 want: ^0.14.0
772 verbose stack TypeError: Cannot read properties of null (reading 'matches')
772 verbose stack     at Link.matches (/home/ubuntu/.nvm/versions/node/v22.13.0/lib/node_modules/npm/node_modules/@npmcli/arborist/lib/node.js:1117:41)
772 verbose stack     at Link.canDedupe (/home/ubuntu/.nvm/versions/node/v22.13.0/lib/node_modules/npm/node_modules/@npmcli/arborist/lib/node.js:1071:15)
772 verbose stack     at PlaceDep.pruneDedupable (/home/ubuntu/.nvm/versions/node/v22.13.0/lib/node_modules/npm/node_modules/@npmcli/arborist/lib/place-dep.js:426:14)
772 verbose stack     at new PlaceDep (/home/ubuntu/.nvm/versions/node/v22.13.0/lib/node_modules/npm/node_modules/@npmcli/arborist/lib/place-dep.js:278:14)
772 verbose stack     at #buildDepStep (/home/ubuntu/.nvm/versions/node/v22.13.0/lib/node_modules/npm/node_modules/@npmcli/arborist/lib/arborist/build-ideal-tree.js:920:18)
772 verbose stack     at async Arborist.buildIdealTree (/home/ubuntu/.nvm/versions/node/v22.13.0/lib/node_modules/npm/node_modules/@npmcli/arborist/lib/arborist/build-ideal-tree.js:181:7)
772 verbose stack     at async Promise.all (index 1)
772 verbose stack     at async Arborist.reify (/home/ubuntu/.nvm/versions/node/v22.13.0/lib/node_modules/npm/node_modules/@npmcli/arborist/lib/arborist/reify.js:131:5)
772 verbose stack     at async Install.exec (/home/ubuntu/.nvm/versions/node/v22.13.0/lib/node_modules/npm/lib/commands/install.js:150:5)
772 verbose stack     at async Npm.exec (/home/ubuntu/.nvm/versions/node/v22.13.0/lib/node_modules/npm/lib/npm.js:207:9)
773 error Cannot read properties of null (reading 'matches')
774 silly unfinished npm timer reify 1749282259029
775 silly unfinished npm timer reify:loadTrees 1749282259030
776 silly unfinished npm timer idealTree:buildDeps 1749282260444
777 silly unfinished npm timer idealTree:node_modules/.pnpm/@eslint+config-helpers@0.2.2/node_modules/@eslint/config-helpers 1749282264624
778 verbose cwd /home/ubuntu/multiclinic-app
779 verbose os Linux 6.1.102
780 verbose node v22.13.0
781 verbose npm  v10.9.2
782 verbose exit 1
783 verbose code 1
784 error A complete log of this run can be found in: /home/ubuntu/.npm/_logs/2025-06-07T07_44_18_807Z-debug-0.log
