2025-06-07 04:50:03.494 [info] Extension host with pid 21749 started
2025-06-07 04:50:03.494 [error] Error: EEXIST: file already exists, open '/home/ubuntu/.local/share/code-server/User/workspaceStorage/738b1f69/vscode.lock'
2025-06-07 04:50:03.494 [info] Lock '/home/ubuntu/.local/share/code-server/User/workspaceStorage/738b1f69/vscode.lock': Could not acquire lock, checking if the file is stale.
2025-06-07 04:50:03.502 [info] Lock '/home/ubuntu/.local/share/code-server/User/workspaceStorage/738b1f69/vscode.lock': The lock does not look stale, elapsed: 472 ms, giving up.
2025-06-07 04:50:03.503 [error] Error: EEXIST: file already exists, open '/home/ubuntu/.local/share/code-server/User/workspaceStorage/738b1f69-1/vscode.lock'
2025-06-07 04:50:03.503 [info] Lock '/home/ubuntu/.local/share/code-server/User/workspaceStorage/738b1f69-1/vscode.lock': Could not acquire lock, checking if the file is stale.
2025-06-07 04:50:03.504 [info] Lock '/home/ubuntu/.local/share/code-server/User/workspaceStorage/738b1f69-1/vscode.lock': The lock does not look stale, elapsed: 520 ms, giving up.
2025-06-07 04:50:03.506 [info] Lock '/home/ubuntu/.local/share/code-server/User/workspaceStorage/738b1f69-2/vscode.lock': Lock acquired.
2025-06-07 04:50:03.897 [info] ExtensionService#_doActivateExtension vscode.media-preview, startup: false, activationEvent: 'onCustomEditor:imagePreview.previewEditor'
2025-06-07 04:50:04.204 [info] ExtensionService#_doActivateExtension vscode.git-base, startup: true, activationEvent: '*', root cause: vscode.git
2025-06-07 04:50:04.484 [info] ExtensionService#_doActivateExtension vscode.git, startup: true, activationEvent: '*'
2025-06-07 04:50:04.485 [info] ExtensionService#_doActivateExtension vscode.github, startup: true, activationEvent: '*'
2025-06-07 04:50:04.933 [info] Eager extensions activated
2025-06-07 04:50:04.934 [info] ExtensionService#_doActivateExtension vscode.debug-auto-launch, startup: false, activationEvent: 'onStartupFinished'
2025-06-07 04:50:04.934 [info] ExtensionService#_doActivateExtension vscode.merge-conflict, startup: false, activationEvent: 'onStartupFinished'
2025-06-07 04:50:05.438 [info] ExtensionService#_doActivateExtension vscode.emmet, startup: false, activationEvent: 'onLanguage'
2025-06-07 04:50:05.525 [info] ExtensionService#_doActivateExtension vscode.github-authentication, startup: false, activationEvent: 'onAuthenticationRequest:github'
2025-06-07 04:50:09.212 [info] ExtensionService#_doActivateExtension vscode.npm, startup: false, activationEvent: 'onTerminalQuickFixRequest:ms-vscode.npm-command'
2025-06-07 04:50:16.249 [info] ExtensionService#_doActivateExtension vscode.configuration-editing, startup: false, activationEvent: 'onLanguage:json'
2025-06-07 04:50:16.249 [info] ExtensionService#_doActivateExtension vscode.extension-editing, startup: false, activationEvent: 'onLanguage:json'
2025-06-07 04:50:16.250 [info] ExtensionService#_doActivateExtension vscode.json-language-features, startup: false, activationEvent: 'onLanguage:json'
